<?xml version="1.0" encoding="UTF-8"?>
<!-- Generated by org.testng.reporters.JUnitXMLReporter -->
<testsuite ignored="2" hostname="Nikunjs-MBP.broadband" failures="0" tests="1" name="Test" time="0.848" errors="0" timestamp="2023-01-12T16:55:19 GMT">
  <testcase classname="com.qa.BaseTest" name="@BeforeTest beforeTest" time="0.812">
    <failure type="org.openqa.selenium.SessionNotCreatedException" message="Could not start a new session. Response code 500. Message: An unknown server-side error occurred while processing the command. Original error: Real device architecture is unsupported by the &amp;apos;/Users/nikunjthakur/Desktop/TDDFrameworkNik/src/test/resources//app/MyRNDemoApp.app&amp;apos; application. Make sure the correct deployment target has been selected for its compilation in Xcode. 
Host info: host: &amp;apos;Nikunjs-MBP.broadband&amp;apos;, ip: &amp;apos;fe80:0:0:0:c80:5d48:db40:ad4d%en0&amp;apos;
Build info: version: &amp;apos;4.7.2&amp;apos;, revision: &amp;apos;4d4020c3b7&amp;apos;
System info: os.name: &amp;apos;Mac OS X&amp;apos;, os.arch: &amp;apos;x86_64&amp;apos;, os.version: &amp;apos;12.6&amp;apos;, java.version: &amp;apos;17.0.5&amp;apos;
Driver info: io.appium.java_client.ios.IOSDriver
Command: [null, newSession {capabilities=[{appium:app=/Users/nikunjthakur/Desktop/TDDFrameworkNik/src/test/resources//app/MyRNDemoApp.app, appium:automationName=XCUITest, appium:bundleId=com.saucelabs.mydemoapp.rn, appium:deviceName=iPhone 12 Pro, appium:newCommandTimeout=180, platformName=IOS, appium:platformVersion=16.11, appium:udid=00008101-001A2C123CDB001E}], desiredCapabilities=Capabilities {app: /Users/nikunjthakur/Desktop..., automationName: XCUITest, bundleId: com.saucelabs.mydemoapp.rn, deviceName: iPhone 12 Pro, newCommandTimeout: 180, platformName: IOS, platformVersion: 16.11, udid: 00008101-001A2C123CDB001E}}]
Capabilities {}">
      <![CDATA[org.openqa.selenium.SessionNotCreatedException: Could not start a new session. Response code 500. Message: An unknown server-side error occurred while processing the command. Original error: Real device architecture is unsupported by the '/Users/nikunjthakur/Desktop/TDDFrameworkNik/src/test/resources//app/MyRNDemoApp.app' application. Make sure the correct deployment target has been selected for its compilation in Xcode. 
Host info: host: 'Nikunjs-MBP.broadband', ip: 'fe80:0:0:0:c80:5d48:db40:ad4d%en0'
Build info: version: '4.7.2', revision: '4d4020c3b7'
System info: os.name: 'Mac OS X', os.arch: 'x86_64', os.version: '12.6', java.version: '17.0.5'
Driver info: io.appium.java_client.ios.IOSDriver
Command: [null, newSession {capabilities=[{appium:app=/Users/nikunjthakur/Desktop/TDDFrameworkNik/src/test/resources//app/MyRNDemoApp.app, appium:automationName=XCUITest, appium:bundleId=com.saucelabs.mydemoapp.rn, appium:deviceName=iPhone 12 Pro, appium:newCommandTimeout=180, platformName=IOS, appium:platformVersion=16.11, appium:udid=00008101-001A2C123CDB001E}], desiredCapabilities=Capabilities {app: /Users/nikunjthakur/Desktop..., automationName: XCUITest, bundleId: com.saucelabs.mydemoapp.rn, deviceName: iPhone 12 Pro, newCommandTimeout: 180, platformName: IOS, platformVersion: 16.11, udid: 00008101-001A2C123CDB001E}}]
Capabilities {}
at org.openqa.selenium.remote.ProtocolHandshake.createSession(ProtocolHandshake.java:148)
at io.appium.java_client.remote.AppiumProtocolHandshake.createSession(AppiumProtocolHandshake.java:133)
at io.appium.java_client.remote.AppiumProtocolHandshake.createSession(AppiumProtocolHandshake.java:102)
at io.appium.java_client.remote.AppiumCommandExecutor.createSession(AppiumCommandExecutor.java:194)
at io.appium.java_client.remote.AppiumCommandExecutor.execute(AppiumCommandExecutor.java:262)
at org.openqa.selenium.remote.RemoteWebDriver.execute(RemoteWebDriver.java:535)
at io.appium.java_client.AppiumDriver.startSession(AppiumDriver.java:229)
at org.openqa.selenium.remote.RemoteWebDriver.<init>(RemoteWebDriver.java:156)
at io.appium.java_client.AppiumDriver.<init>(AppiumDriver.java:80)
at io.appium.java_client.AppiumDriver.<init>(AppiumDriver.java:92)
at io.appium.java_client.ios.IOSDriver.<init>(IOSDriver.java:106)
at com.qa.BaseTest.beforeTest(BaseTest.java:126)
... Removed 28 stack frames]]>
    </failure>
  </testcase> <!-- @BeforeTest beforeTest -->
  <testcase classname="com.qa.tests.LoginTests" name="@BeforeClass beforeClass" time="-1.673542519799E9">
    <skipped/>
  </testcase> <!-- @BeforeClass beforeClass -->
  <testcase classname="com.qa.BaseTest" name="@BeforeMethod beforeMethod" time="-1.673542519805E9">
    <skipped/>
  </testcase> <!-- @BeforeMethod beforeMethod -->
  <testcase classname="com.qa.tests.LoginTests" name="@BeforeMethod beforeMethod" time="-1.673542519807E9">
    <skipped/>
  </testcase> <!-- @BeforeMethod beforeMethod -->
  <testcase classname="com.qa.tests.LoginTests" name="@AfterMethod afterMethod" time="-1.673542519812E9">
    <skipped/>
  </testcase> <!-- @AfterMethod afterMethod -->
  <testcase classname="com.qa.BaseTest" name="@AfterMethod afterMethod" time="-1.673542519814E9">
    <skipped/>
  </testcase> <!-- @AfterMethod afterMethod -->
  <testcase classname="com.qa.tests.LoginTests" name="@AfterClass afterClass" time="-1.673542519815E9">
    <skipped/>
  </testcase> <!-- @AfterClass afterClass -->
  <testcase classname="com.qa.BaseTest" name="@AfterTest afterTest" time="-1.673542519817E9">
    <skipped/>
  </testcase> <!-- @AfterTest afterTest -->
  <testcase classname="com.qa.tests.LoginTests" name="invalidUserName" time="0.0">
    <skipped/>
  </testcase> <!-- invalidUserName -->
  <testcase classname="com.qa.tests.LoginTests" name="validLogin" time="0.0">
    <ignored/>
  </testcase> <!-- validLogin -->
  <testcase classname="com.qa.tests.LoginTests" name="invalidPassword" time="0.0">
    <ignored/>
  </testcase> <!-- invalidPassword -->
</testsuite> <!-- Test -->
