<?xml version="1.0" encoding="UTF-8"?>
<!-- Generated by org.testng.reporters.JUnitXMLReporter -->
<testsuite ignored="2" hostname="Nik" failures="0" tests="1" name="Test" time="19.846" errors="0" timestamp="2023-01-12T11:15:44 GMT">
  <testcase classname="com.qa.tests.LoginTests" name="invalidUserName" time="7.412"/>
  <testcase classname="com.qa.tests.LoginTests" name="validLogin" time="0.0">
    <ignored/>
  </testcase> <!-- validLogin -->
  <testcase classname="com.qa.tests.LoginTests" name="invalidPassword" time="0.0">
    <ignored/>
  </testcase> <!-- invalidPassword -->
</testsuite> <!-- Test -->
